Using pre-set license
Built from '2020.3/staging' branch; Version is '2020.3.3f1 (76626098c1c4) revision 7758432'; Using compiler version '192528614'; Build Type 'Release'
OS: 'Windows 10 Enterprise; OS build 19045.4170; Version 2009; 64bit' Language: 'en' Physical Memory: 32693 MB
BatchMode: 1, IsHumanControllingUs: 0, StartBugReporterOnCrash: 0, Is64bit: 1, IsPro: 0

 COMMAND LINE ARGUMENTS:
C:\Program Files\Unity\Hub\Editor\2020.3.3f1\Editor\Unity.exe
-adb2
-batchMode
-noUpm
-name
AssetImportWorker0
-projectPath
C:/Users/agali1/Documents/HCI510/HCI510_GameMockup/HCI_510_Project
-logFile
Logs/AssetImportWorker0.log
-srvPort
53236
Successfully changed project path to: C:/Users/agali1/Documents/HCI510/HCI510_GameMockup/HCI_510_Project
C:/Users/agali1/Documents/HCI510/HCI510_GameMockup/HCI_510_Project
Using Asset Import Pipeline V2.
Refreshing native plugins compatible for Editor in 65.78 ms, found 0 plugins.
Preloading 0 native plugins for Editor in 0.00 ms.
Initialize engine version: 2020.3.3f1 (76626098c1c4)
[Subsystems] Discovering subsystems at path C:/Program Files/Unity/Hub/Editor/2020.3.3f1/Editor/Data/Resources/UnitySubsystems
[Subsystems] Discovering subsystems at path C:/Users/agali1/Documents/HCI510/HCI510_GameMockup/HCI_510_Project/Assets
GfxDevice: creating device client; threaded=0
Direct3D:
    Version:  Direct3D 11.0 [level 11.0]
    Renderer: NVIDIA Quadro K5000 (ID=0x11ba)
    Vendor:   
    VRAM:     4052 MB
    Driver:   30.0.14.7298
Initialize mono
Mono path[0] = 'C:/Program Files/Unity/Hub/Editor/2020.3.3f1/Editor/Data/Managed'
Mono path[1] = 'C:/Program Files/Unity/Hub/Editor/2020.3.3f1/Editor/Data/MonoBleedingEdge/lib/mono/unityjit'
Mono config path = 'C:/Program Files/Unity/Hub/Editor/2020.3.3f1/Editor/Data/MonoBleedingEdge/etc'
Using monoOptions --debugger-agent=transport=dt_socket,embedding=1,server=y,suspend=n,address=127.0.0.1:56232
Begin MonoManager ReloadAssembly
Registering precompiled unity dll's ...
Register platform support module: C:/Program Files/Unity/Hub/Editor/2020.3.3f1/Editor/Data/PlaybackEngines/WindowsStandaloneSupport/UnityEditor.WindowsStandalone.Extensions.dll
Registered in 0.004292 seconds.
Native extension for WindowsStandalone target not found
Refreshing native plugins compatible for Editor in 59.33 ms, found 0 plugins.
Preloading 0 native plugins for Editor in 0.00 ms.
Invoked RoslynAnalysisRunner static constructor.
RoslynAnalysisRunner will not be running.
RoslynAnalysisRunner has terminated.
Mono: successfully reloaded assembly
- Completed reload, in  2.196 seconds
Platform modules already initialized, skipping
Registering precompiled user dll's ...
Registered in 0.002421 seconds.
Begin MonoManager ReloadAssembly
Symbol file data-000001546DB256F0 doesn't match image C:\Users\agali1\Documents\HCI510\HCI510_GameMockup\HCI_510_Project\Library\ScriptAssemblies\Unity.VSCode.Editor.dll
Symbol file LoadedFromMemory is not a mono symbol file
Symbol file data-000001546D433010 doesn't match image C:\Users\agali1\Documents\HCI510\HCI510_GameMockup\HCI_510_Project\Library\ScriptAssemblies\Unity.TextMeshPro.Editor.dll
Symbol file LoadedFromMemory is not a mono symbol file
Symbol file data-000001546D463620 doesn't match image C:\Users\agali1\Documents\HCI510\HCI510_GameMockup\HCI_510_Project\Library\ScriptAssemblies\Unity.VisualStudio.Editor.dll
Symbol file LoadedFromMemory is not a mono symbol file
Symbol file data-000001546D3D21B0 doesn't match image C:\Users\agali1\Documents\HCI510\HCI510_GameMockup\HCI_510_Project\Library\ScriptAssemblies\UnityEngine.TestRunner.dll
Symbol file LoadedFromMemory is not a mono symbol file
Symbol file data-000001546D700020 doesn't match image C:\Users\agali1\Documents\HCI510\HCI510_GameMockup\HCI_510_Project\Library\ScriptAssemblies\Unity.Timeline.Editor.dll
Symbol file LoadedFromMemory is not a mono symbol file
Symbol file data-0000015472F28A40 doesn't match image C:\Users\agali1\Documents\HCI510\HCI510_GameMockup\HCI_510_Project\Library\ScriptAssemblies\Unity.Timeline.dll
Symbol file LoadedFromMemory is not a mono symbol file
Symbol file data-000001546D700020 doesn't match image C:\Users\agali1\Documents\HCI510\HCI510_GameMockup\HCI_510_Project\Library\ScriptAssemblies\Unity.TextMeshPro.dll
Symbol file LoadedFromMemory is not a mono symbol file
Symbol file data-000001546D3D21B0 doesn't match image C:\Users\agali1\Documents\HCI510\HCI510_GameMockup\HCI_510_Project\Library\ScriptAssemblies\Unity.CollabProxy.Editor.dll
Symbol file LoadedFromMemory is not a mono symbol file
Symbol file data-0000015472C55420 doesn't match image C:\Users\agali1\Documents\HCI510\HCI510_GameMockup\HCI_510_Project\Library\ScriptAssemblies\UnityEditor.TestRunner.dll
Symbol file LoadedFromMemory is not a mono symbol file
Symbol file data-000001546D463620 doesn't match image C:\Users\agali1\Documents\HCI510\HCI510_GameMockup\HCI_510_Project\Library\ScriptAssemblies\Unity.Rider.Editor.dll
Symbol file LoadedFromMemory is not a mono symbol file
Native extension for WindowsStandalone target not found
Refreshing native plugins compatible for Editor in 0.66 ms, found 0 plugins.
Preloading 0 native plugins for Editor in 0.00 ms.
Invoked RoslynAnalysisRunner static constructor.
RoslynAnalysisRunner will not be running.
RoslynAnalysisRunner has terminated.
Mono: successfully reloaded assembly
- Completed reload, in  1.711 seconds
Platform modules already initialized, skipping
========================================================================
Worker process is ready to serve import requests
Launched and connected shader compiler UnityShaderCompiler.exe after 0.07 seconds
Refreshing native plugins compatible for Editor in 0.52 ms, found 0 plugins.
Preloading 0 native plugins for Editor in 0.00 ms.
Unloading 1120 Unused Serialized files (Serialized files now loaded: 0)
System memory in use before: 57.8 MB.
System memory in use after: 57.8 MB.

Unloading 11 unused Assets to reduce memory usage. Loaded Objects now: 1565.
Total: 2.864600 ms (FindLiveObjects: 0.340700 ms CreateObjectMapping: 0.102400 ms MarkObjects: 2.268200 ms  DeleteObjects: 0.150300 ms)

========================================================================
Received Import Request.
  path: Assets/Scripts/TestScript.cs
  artifactKey: Guid(eebc6a919a4a16a43af61310517f35f3) Importer(815301076,1909f56bfc062723c751e8b465ee728b)
Start importing Assets/Scripts/TestScript.cs using Guid(eebc6a919a4a16a43af61310517f35f3) Importer(815301076,1909f56bfc062723c751e8b465ee728b)  -> (artifact id: '2fcbdd05a31637a1a5a3f784b518294a') in 0.063649 seconds
  Import took 0.067604 seconds .

========================================================================
Received Import Request.
  Time since last request: 57.699046 seconds.
  path: Assets/Scripts/TestScript.cs
  artifactKey: Guid(eebc6a919a4a16a43af61310517f35f3) Importer(815301076,1909f56bfc062723c751e8b465ee728b)
Start importing Assets/Scripts/TestScript.cs using Guid(eebc6a919a4a16a43af61310517f35f3) Importer(815301076,1909f56bfc062723c751e8b465ee728b)  -> (artifact id: '6b6409a15134923b80e7237504e7625d') in 0.005233 seconds
  Import took 0.008452 seconds .

========================================================================
Received Prepare
Registering precompiled user dll's ...
Registered in 0.002411 seconds.
Begin MonoManager ReloadAssembly
Symbol file data-0000015474589470 doesn't match image C:\Users\agali1\Documents\HCI510\HCI510_GameMockup\HCI_510_Project\Library\ScriptAssemblies\Unity.VSCode.Editor.dll
Symbol file LoadedFromMemory is not a mono symbol file
Symbol file data-000001546D585C60 doesn't match image C:\Users\agali1\Documents\HCI510\HCI510_GameMockup\HCI_510_Project\Library\ScriptAssemblies\Unity.TextMeshPro.Editor.dll
Symbol file LoadedFromMemory is not a mono symbol file
Symbol file data-0000015471646E20 doesn't match image C:\Users\agali1\Documents\HCI510\HCI510_GameMockup\HCI_510_Project\Library\ScriptAssemblies\Unity.VisualStudio.Editor.dll
Symbol file LoadedFromMemory is not a mono symbol file
Symbol file data-00000154745C1580 doesn't match image C:\Users\agali1\Documents\HCI510\HCI510_GameMockup\HCI_510_Project\Library\ScriptAssemblies\UnityEngine.TestRunner.dll
Symbol file LoadedFromMemory is not a mono symbol file
Symbol file data-0000015471AFD020 doesn't match image C:\Users\agali1\Documents\HCI510\HCI510_GameMockup\HCI_510_Project\Library\ScriptAssemblies\Unity.Timeline.Editor.dll
Symbol file LoadedFromMemory is not a mono symbol file
Symbol file data-000001546D585C60 doesn't match image C:\Users\agali1\Documents\HCI510\HCI510_GameMockup\HCI_510_Project\Library\ScriptAssemblies\Unity.Timeline.dll
Symbol file LoadedFromMemory is not a mono symbol file
Symbol file data-0000015472F0E020 doesn't match image C:\Users\agali1\Documents\HCI510\HCI510_GameMockup\HCI_510_Project\Library\ScriptAssemblies\Unity.TextMeshPro.dll
Symbol file LoadedFromMemory is not a mono symbol file
Symbol file data-000001546D585C60 doesn't match image C:\Users\agali1\Documents\HCI510\HCI510_GameMockup\HCI_510_Project\Library\ScriptAssemblies\Unity.CollabProxy.Editor.dll
Symbol file LoadedFromMemory is not a mono symbol file
Symbol file data-00000154746A90D0 doesn't match image C:\Users\agali1\Documents\HCI510\HCI510_GameMockup\HCI_510_Project\Library\ScriptAssemblies\UnityEditor.TestRunner.dll
Symbol file LoadedFromMemory is not a mono symbol file
Symbol file data-0000015472DF7B90 doesn't match image C:\Users\agali1\Documents\HCI510\HCI510_GameMockup\HCI_510_Project\Library\ScriptAssemblies\Unity.Rider.Editor.dll
Symbol file LoadedFromMemory is not a mono symbol file
Native extension for WindowsStandalone target not found
Refreshing native plugins compatible for Editor in 0.60 ms, found 0 plugins.
Preloading 0 native plugins for Editor in 0.00 ms.
Invoked RoslynAnalysisRunner static constructor.
RoslynAnalysisRunner will not be running.
RoslynAnalysisRunner has terminated.
Mono: successfully reloaded assembly
- Completed reload, in  1.440 seconds
Platform modules already initialized, skipping
Refreshing native plugins compatible for Editor in 0.78 ms, found 0 plugins.
Preloading 0 native plugins for Editor in 0.00 ms.
Unloading 1114 Unused Serialized files (Serialized files now loaded: 0)
System memory in use before: 57.6 MB.
System memory in use after: 57.7 MB.

Unloading 6 unused Assets to reduce memory usage. Loaded Objects now: 1568.
Total: 2.707900 ms (FindLiveObjects: 0.197000 ms CreateObjectMapping: 0.067200 ms MarkObjects: 2.313200 ms  DeleteObjects: 0.128200 ms)

========================================================================
Received Prepare
Registering precompiled user dll's ...
Registered in 0.002531 seconds.
Begin MonoManager ReloadAssembly
Symbol file data-0000015474182520 doesn't match image C:\Users\agali1\Documents\HCI510\HCI510_GameMockup\HCI_510_Project\Library\ScriptAssemblies\Unity.VSCode.Editor.dll
Symbol file LoadedFromMemory is not a mono symbol file
Symbol file data-0000015474A9AD10 doesn't match image C:\Users\agali1\Documents\HCI510\HCI510_GameMockup\HCI_510_Project\Library\ScriptAssemblies\Unity.TextMeshPro.Editor.dll
Symbol file LoadedFromMemory is not a mono symbol file
Symbol file data-00000154950E5470 doesn't match image C:\Users\agali1\Documents\HCI510\HCI510_GameMockup\HCI_510_Project\Library\ScriptAssemblies\Unity.VisualStudio.Editor.dll
Symbol file LoadedFromMemory is not a mono symbol file
Symbol file data-000001547193B060 doesn't match image C:\Users\agali1\Documents\HCI510\HCI510_GameMockup\HCI_510_Project\Library\ScriptAssemblies\UnityEngine.TestRunner.dll
Symbol file LoadedFromMemory is not a mono symbol file
Symbol file data-000001547173D010 doesn't match image C:\Users\agali1\Documents\HCI510\HCI510_GameMockup\HCI_510_Project\Library\ScriptAssemblies\Unity.Timeline.Editor.dll
Symbol file LoadedFromMemory is not a mono symbol file
Symbol file data-000001547444DF80 doesn't match image C:\Users\agali1\Documents\HCI510\HCI510_GameMockup\HCI_510_Project\Library\ScriptAssemblies\Unity.Timeline.dll
Symbol file LoadedFromMemory is not a mono symbol file
Symbol file data-000001547403C0D0 doesn't match image C:\Users\agali1\Documents\HCI510\HCI510_GameMockup\HCI_510_Project\Library\ScriptAssemblies\Unity.TextMeshPro.dll
Symbol file LoadedFromMemory is not a mono symbol file
Symbol file data-0000015473B22570 doesn't match image C:\Users\agali1\Documents\HCI510\HCI510_GameMockup\HCI_510_Project\Library\ScriptAssemblies\Unity.CollabProxy.Editor.dll
Symbol file LoadedFromMemory is not a mono symbol file
Symbol file data-0000015472311030 doesn't match image C:\Users\agali1\Documents\HCI510\HCI510_GameMockup\HCI_510_Project\Library\ScriptAssemblies\UnityEditor.TestRunner.dll
Symbol file LoadedFromMemory is not a mono symbol file
Symbol file data-0000015471E9C010 doesn't match image C:\Users\agali1\Documents\HCI510\HCI510_GameMockup\HCI_510_Project\Library\ScriptAssemblies\Unity.Rider.Editor.dll
Symbol file LoadedFromMemory is not a mono symbol file
Native extension for WindowsStandalone target not found
Refreshing native plugins compatible for Editor in 0.67 ms, found 0 plugins.
Preloading 0 native plugins for Editor in 0.00 ms.
Invoked RoslynAnalysisRunner static constructor.
RoslynAnalysisRunner will not be running.
RoslynAnalysisRunner has terminated.
Mono: successfully reloaded assembly
- Completed reload, in  1.376 seconds
Platform modules already initialized, skipping
Refreshing native plugins compatible for Editor in 0.58 ms, found 0 plugins.
Preloading 0 native plugins for Editor in 0.00 ms.
Unloading 1114 Unused Serialized files (Serialized files now loaded: 0)
System memory in use before: 57.6 MB.
System memory in use after: 57.7 MB.

Unloading 6 unused Assets to reduce memory usage. Loaded Objects now: 1571.
Total: 2.499400 ms (FindLiveObjects: 0.172500 ms CreateObjectMapping: 0.068600 ms MarkObjects: 2.158800 ms  DeleteObjects: 0.097400 ms)

========================================================================
Received Import Request.
  Time since last request: 274.842199 seconds.
  path: Assets/Scripts/TestScript.cs
  artifactKey: Guid(eebc6a919a4a16a43af61310517f35f3) Importer(815301076,1909f56bfc062723c751e8b465ee728b)
Start importing Assets/Scripts/TestScript.cs using Guid(eebc6a919a4a16a43af61310517f35f3) Importer(815301076,1909f56bfc062723c751e8b465ee728b)  -> (artifact id: 'f73079022a9a906c23754ada8d08402f') in 0.011133 seconds
  Import took 0.013820 seconds .

========================================================================
Received Prepare
Registering precompiled user dll's ...
Registered in 0.002404 seconds.
Begin MonoManager ReloadAssembly
Symbol file data-00000154717CF030 doesn't match image C:\Users\agali1\Documents\HCI510\HCI510_GameMockup\HCI_510_Project\Library\ScriptAssemblies\Unity.VSCode.Editor.dll
Symbol file LoadedFromMemory is not a mono symbol file
Symbol file data-0000015473F4D550 doesn't match image C:\Users\agali1\Documents\HCI510\HCI510_GameMockup\HCI_510_Project\Library\ScriptAssemblies\Unity.TextMeshPro.Editor.dll
Symbol file LoadedFromMemory is not a mono symbol file
Symbol file data-0000015473BD5700 doesn't match image C:\Users\agali1\Documents\HCI510\HCI510_GameMockup\HCI_510_Project\Library\ScriptAssemblies\Unity.VisualStudio.Editor.dll
Symbol file LoadedFromMemory is not a mono symbol file
Symbol file data-000001547444DF80 doesn't match image C:\Users\agali1\Documents\HCI510\HCI510_GameMockup\HCI_510_Project\Library\ScriptAssemblies\UnityEngine.TestRunner.dll
Symbol file LoadedFromMemory is not a mono symbol file
Symbol file data-00000154743B6E30 doesn't match image C:\Users\agali1\Documents\HCI510\HCI510_GameMockup\HCI_510_Project\Library\ScriptAssemblies\Unity.Timeline.Editor.dll
Symbol file LoadedFromMemory is not a mono symbol file
Symbol file data-0000015473F4D550 doesn't match image C:\Users\agali1\Documents\HCI510\HCI510_GameMockup\HCI_510_Project\Library\ScriptAssemblies\Unity.Timeline.dll
Symbol file LoadedFromMemory is not a mono symbol file
Symbol file data-0000015473549020 doesn't match image C:\Users\agali1\Documents\HCI510\HCI510_GameMockup\HCI_510_Project\Library\ScriptAssemblies\Unity.TextMeshPro.dll
Symbol file LoadedFromMemory is not a mono symbol file
Symbol file data-000001547444DF80 doesn't match image C:\Users\agali1\Documents\HCI510\HCI510_GameMockup\HCI_510_Project\Library\ScriptAssemblies\Unity.CollabProxy.Editor.dll
Symbol file LoadedFromMemory is not a mono symbol file
Symbol file data-0000015472311030 doesn't match image C:\Users\agali1\Documents\HCI510\HCI510_GameMockup\HCI_510_Project\Library\ScriptAssemblies\UnityEditor.TestRunner.dll
Symbol file LoadedFromMemory is not a mono symbol file
Symbol file data-0000015471E9C010 doesn't match image C:\Users\agali1\Documents\HCI510\HCI510_GameMockup\HCI_510_Project\Library\ScriptAssemblies\Unity.Rider.Editor.dll
Symbol file LoadedFromMemory is not a mono symbol file
Native extension for WindowsStandalone target not found
Refreshing native plugins compatible for Editor in 0.59 ms, found 0 plugins.
Preloading 0 native plugins for Editor in 0.00 ms.
Invoked RoslynAnalysisRunner static constructor.
RoslynAnalysisRunner will not be running.
RoslynAnalysisRunner has terminated.
Mono: successfully reloaded assembly
- Completed reload, in  1.383 seconds
Platform modules already initialized, skipping
Refreshing native plugins compatible for Editor in 0.57 ms, found 0 plugins.
Preloading 0 native plugins for Editor in 0.00 ms.
Unloading 1114 Unused Serialized files (Serialized files now loaded: 0)
System memory in use before: 57.6 MB.
System memory in use after: 57.7 MB.

Unloading 6 unused Assets to reduce memory usage. Loaded Objects now: 1574.
Total: 3.024700 ms (FindLiveObjects: 0.185600 ms CreateObjectMapping: 0.067500 ms MarkObjects: 2.676500 ms  DeleteObjects: 0.093000 ms)

========================================================================
Received Prepare
Registering precompiled user dll's ...
Registered in 0.002418 seconds.
Begin MonoManager ReloadAssembly
Symbol file data-0000015494FF5D50 doesn't match image C:\Users\agali1\Documents\HCI510\HCI510_GameMockup\HCI_510_Project\Library\ScriptAssemblies\Unity.VSCode.Editor.dll
Symbol file LoadedFromMemory is not a mono symbol file
Symbol file data-0000015471AC9410 doesn't match image C:\Users\agali1\Documents\HCI510\HCI510_GameMockup\HCI_510_Project\Library\ScriptAssemblies\Unity.TextMeshPro.Editor.dll
Symbol file LoadedFromMemory is not a mono symbol file
Symbol file data-0000015473C2E020 doesn't match image C:\Users\agali1\Documents\HCI510\HCI510_GameMockup\HCI_510_Project\Library\ScriptAssemblies\Unity.VisualStudio.Editor.dll
Symbol file LoadedFromMemory is not a mono symbol file
Symbol file data-00000154741F8910 doesn't match image C:\Users\agali1\Documents\HCI510\HCI510_GameMockup\HCI_510_Project\Library\ScriptAssemblies\UnityEngine.TestRunner.dll
Symbol file LoadedFromMemory is not a mono symbol file
Symbol file data-0000015474204A60 doesn't match image C:\Users\agali1\Documents\HCI510\HCI510_GameMockup\HCI_510_Project\Library\ScriptAssemblies\Unity.Timeline.Editor.dll
Symbol file LoadedFromMemory is not a mono symbol file
Symbol file data-000001547444DF80 doesn't match image C:\Users\agali1\Documents\HCI510\HCI510_GameMockup\HCI_510_Project\Library\ScriptAssemblies\Unity.Timeline.dll
Symbol file LoadedFromMemory is not a mono symbol file
Symbol file data-0000015472F0E020 doesn't match image C:\Users\agali1\Documents\HCI510\HCI510_GameMockup\HCI_510_Project\Library\ScriptAssemblies\Unity.TextMeshPro.dll
Symbol file LoadedFromMemory is not a mono symbol file
Symbol file data-00000154741F8910 doesn't match image C:\Users\agali1\Documents\HCI510\HCI510_GameMockup\HCI_510_Project\Library\ScriptAssemblies\Unity.CollabProxy.Editor.dll
Symbol file LoadedFromMemory is not a mono symbol file
Symbol file data-000001546D19C040 doesn't match image C:\Users\agali1\Documents\HCI510\HCI510_GameMockup\HCI_510_Project\Library\ScriptAssemblies\UnityEditor.TestRunner.dll
Symbol file LoadedFromMemory is not a mono symbol file
Symbol file data-0000015474A92360 doesn't match image C:\Users\agali1\Documents\HCI510\HCI510_GameMockup\HCI_510_Project\Library\ScriptAssemblies\Unity.Rider.Editor.dll
Symbol file LoadedFromMemory is not a mono symbol file
Native extension for WindowsStandalone target not found
Refreshing native plugins compatible for Editor in 0.67 ms, found 0 plugins.
Preloading 0 native plugins for Editor in 0.00 ms.
Invoked RoslynAnalysisRunner static constructor.
RoslynAnalysisRunner will not be running.
RoslynAnalysisRunner has terminated.
Mono: successfully reloaded assembly
- Completed reload, in  1.367 seconds
Platform modules already initialized, skipping
Refreshing native plugins compatible for Editor in 0.57 ms, found 0 plugins.
Preloading 0 native plugins for Editor in 0.00 ms.
Unloading 1114 Unused Serialized files (Serialized files now loaded: 0)
System memory in use before: 57.6 MB.
System memory in use after: 57.7 MB.

Unloading 6 unused Assets to reduce memory usage. Loaded Objects now: 1577.
Total: 2.404000 ms (FindLiveObjects: 0.159700 ms CreateObjectMapping: 0.066800 ms MarkObjects: 2.075700 ms  DeleteObjects: 0.100100 ms)

========================================================================
Received Import Request.
  Time since last request: 87.897607 seconds.
  path: Assets/Scripts/TestScript.cs
  artifactKey: Guid(eebc6a919a4a16a43af61310517f35f3) Importer(815301076,1909f56bfc062723c751e8b465ee728b)
Start importing Assets/Scripts/TestScript.cs using Guid(eebc6a919a4a16a43af61310517f35f3) Importer(815301076,1909f56bfc062723c751e8b465ee728b)  -> (artifact id: 'eec0039cd5f187c5b71266e0e446f555') in 0.008132 seconds
  Import took 0.010675 seconds .

========================================================================
Received Prepare
Registering precompiled user dll's ...
Registered in 0.002441 seconds.
Begin MonoManager ReloadAssembly
Symbol file data-0000015494FF5D50 doesn't match image C:\Users\agali1\Documents\HCI510\HCI510_GameMockup\HCI_510_Project\Library\ScriptAssemblies\Unity.VSCode.Editor.dll
Symbol file LoadedFromMemory is not a mono symbol file
Symbol file data-0000015472FA22F0 doesn't match image C:\Users\agali1\Documents\HCI510\HCI510_GameMockup\HCI_510_Project\Library\ScriptAssemblies\Unity.TextMeshPro.Editor.dll
Symbol file LoadedFromMemory is not a mono symbol file
Symbol file data-000001546D59F010 doesn't match image C:\Users\agali1\Documents\HCI510\HCI510_GameMockup\HCI_510_Project\Library\ScriptAssemblies\Unity.VisualStudio.Editor.dll
Symbol file LoadedFromMemory is not a mono symbol file
Symbol file data-0000015471F4E030 doesn't match image C:\Users\agali1\Documents\HCI510\HCI510_GameMockup\HCI_510_Project\Library\ScriptAssemblies\UnityEngine.TestRunner.dll
Symbol file LoadedFromMemory is not a mono symbol file
Symbol file data-00000154744C5660 doesn't match image C:\Users\agali1\Documents\HCI510\HCI510_GameMockup\HCI_510_Project\Library\ScriptAssemblies\Unity.Timeline.Editor.dll
Symbol file LoadedFromMemory is not a mono symbol file
Symbol file data-0000015471827020 doesn't match image C:\Users\agali1\Documents\HCI510\HCI510_GameMockup\HCI_510_Project\Library\ScriptAssemblies\Unity.Timeline.dll
Symbol file LoadedFromMemory is not a mono symbol file
Symbol file data-0000015473549020 doesn't match image C:\Users\agali1\Documents\HCI510\HCI510_GameMockup\HCI_510_Project\Library\ScriptAssemblies\Unity.TextMeshPro.dll
Symbol file LoadedFromMemory is not a mono symbol file
Symbol file data-000001546DB1C010 doesn't match image C:\Users\agali1\Documents\HCI510\HCI510_GameMockup\HCI_510_Project\Library\ScriptAssemblies\Unity.CollabProxy.Editor.dll
Symbol file LoadedFromMemory is not a mono symbol file
Symbol file data-000001547425EC30 doesn't match image C:\Users\agali1\Documents\HCI510\HCI510_GameMockup\HCI_510_Project\Library\ScriptAssemblies\UnityEditor.TestRunner.dll
Symbol file LoadedFromMemory is not a mono symbol file
Symbol file data-00000154741DB5D0 doesn't match image C:\Users\agali1\Documents\HCI510\HCI510_GameMockup\HCI_510_Project\Library\ScriptAssemblies\Unity.Rider.Editor.dll
Symbol file LoadedFromMemory is not a mono symbol file
Native extension for WindowsStandalone target not found
Refreshing native plugins compatible for Editor in 0.58 ms, found 0 plugins.
Preloading 0 native plugins for Editor in 0.00 ms.
Invoked RoslynAnalysisRunner static constructor.
RoslynAnalysisRunner will not be running.
RoslynAnalysisRunner has terminated.
Mono: successfully reloaded assembly
- Completed reload, in  1.331 seconds
Platform modules already initialized, skipping
Refreshing native plugins compatible for Editor in 0.58 ms, found 0 plugins.
Preloading 0 native plugins for Editor in 0.00 ms.
Unloading 1114 Unused Serialized files (Serialized files now loaded: 0)
System memory in use before: 57.7 MB.
System memory in use after: 57.7 MB.

Unloading 6 unused Assets to reduce memory usage. Loaded Objects now: 1580.
Total: 2.514600 ms (FindLiveObjects: 0.164500 ms CreateObjectMapping: 0.067500 ms MarkObjects: 2.188900 ms  DeleteObjects: 0.091700 ms)

========================================================================
Received Import Request.
  Time since last request: 347.204660 seconds.
  path: Assets/Scripts/TestScript.cs
  artifactKey: Guid(eebc6a919a4a16a43af61310517f35f3) Importer(815301076,1909f56bfc062723c751e8b465ee728b)
Start importing Assets/Scripts/TestScript.cs using Guid(eebc6a919a4a16a43af61310517f35f3) Importer(815301076,1909f56bfc062723c751e8b465ee728b)  -> (artifact id: '022a6a07b0689eedb572bc3cc1ced3b7') in 0.008511 seconds
  Import took 0.011035 seconds .

========================================================================
Received Prepare
Registering precompiled user dll's ...
Registered in 0.002564 seconds.
Begin MonoManager ReloadAssembly
Symbol file data-00000154744C0230 doesn't match image C:\Users\agali1\Documents\HCI510\HCI510_GameMockup\HCI_510_Project\Library\ScriptAssemblies\Unity.VSCode.Editor.dll
Symbol file LoadedFromMemory is not a mono symbol file
Symbol file data-00000154744F9020 doesn't match image C:\Users\agali1\Documents\HCI510\HCI510_GameMockup\HCI_510_Project\Library\ScriptAssemblies\Unity.TextMeshPro.Editor.dll
Symbol file LoadedFromMemory is not a mono symbol file
Symbol file data-0000015473C2E020 doesn't match image C:\Users\agali1\Documents\HCI510\HCI510_GameMockup\HCI_510_Project\Library\ScriptAssemblies\Unity.VisualStudio.Editor.dll
Symbol file LoadedFromMemory is not a mono symbol file
Symbol file data-0000015473E13BE0 doesn't match image C:\Users\agali1\Documents\HCI510\HCI510_GameMockup\HCI_510_Project\Library\ScriptAssemblies\UnityEngine.TestRunner.dll
Symbol file LoadedFromMemory is not a mono symbol file
Symbol file data-0000015495740040 doesn't match image C:\Users\agali1\Documents\HCI510\HCI510_GameMockup\HCI_510_Project\Library\ScriptAssemblies\Unity.Timeline.Editor.dll
Symbol file LoadedFromMemory is not a mono symbol file
Symbol file data-0000015471827020 doesn't match image C:\Users\agali1\Documents\HCI510\HCI510_GameMockup\HCI_510_Project\Library\ScriptAssemblies\Unity.Timeline.dll
Symbol file LoadedFromMemory is not a mono symbol file
Symbol file data-0000015473549020 doesn't match image C:\Users\agali1\Documents\HCI510\HCI510_GameMockup\HCI_510_Project\Library\ScriptAssemblies\Unity.TextMeshPro.dll
Symbol file LoadedFromMemory is not a mono symbol file
Symbol file data-0000015473E13BE0 doesn't match image C:\Users\agali1\Documents\HCI510\HCI510_GameMockup\HCI_510_Project\Library\ScriptAssemblies\Unity.CollabProxy.Editor.dll
Symbol file LoadedFromMemory is not a mono symbol file
Symbol file data-0000015472311030 doesn't match image C:\Users\agali1\Documents\HCI510\HCI510_GameMockup\HCI_510_Project\Library\ScriptAssemblies\UnityEditor.TestRunner.dll
Symbol file LoadedFromMemory is not a mono symbol file
Symbol file data-0000015471E9C010 doesn't match image C:\Users\agali1\Documents\HCI510\HCI510_GameMockup\HCI_510_Project\Library\ScriptAssemblies\Unity.Rider.Editor.dll
Symbol file LoadedFromMemory is not a mono symbol file
Native extension for WindowsStandalone target not found
Refreshing native plugins compatible for Editor in 0.63 ms, found 0 plugins.
Preloading 0 native plugins for Editor in 0.00 ms.
Invoked RoslynAnalysisRunner static constructor.
RoslynAnalysisRunner will not be running.
RoslynAnalysisRunner has terminated.
Mono: successfully reloaded assembly
- Completed reload, in  1.382 seconds
Platform modules already initialized, skipping
Refreshing native plugins compatible for Editor in 0.55 ms, found 0 plugins.
Preloading 0 native plugins for Editor in 0.00 ms.
Unloading 1114 Unused Serialized files (Serialized files now loaded: 0)
System memory in use before: 57.7 MB.
System memory in use after: 57.7 MB.

Unloading 6 unused Assets to reduce memory usage. Loaded Objects now: 1583.
Total: 2.539900 ms (FindLiveObjects: 0.170700 ms CreateObjectMapping: 0.077700 ms MarkObjects: 2.191600 ms  DeleteObjects: 0.097600 ms)

========================================================================
Received Prepare
Registering precompiled user dll's ...
Registered in 0.002412 seconds.
Begin MonoManager ReloadAssembly
Symbol file data-0000015474182520 doesn't match image C:\Users\agali1\Documents\HCI510\HCI510_GameMockup\HCI_510_Project\Library\ScriptAssemblies\Unity.VSCode.Editor.dll
Symbol file LoadedFromMemory is not a mono symbol file
Symbol file data-00000154747BD020 doesn't match image C:\Users\agali1\Documents\HCI510\HCI510_GameMockup\HCI_510_Project\Library\ScriptAssemblies\Unity.TextMeshPro.Editor.dll
Symbol file LoadedFromMemory is not a mono symbol file
Symbol file data-0000015471AC32E0 doesn't match image C:\Users\agali1\Documents\HCI510\HCI510_GameMockup\HCI_510_Project\Library\ScriptAssemblies\Unity.VisualStudio.Editor.dll
Symbol file LoadedFromMemory is not a mono symbol file
Symbol file data-0000015471EF2050 doesn't match image C:\Users\agali1\Documents\HCI510\HCI510_GameMockup\HCI_510_Project\Library\ScriptAssemblies\UnityEngine.TestRunner.dll
Symbol file LoadedFromMemory is not a mono symbol file
Symbol file data-000001549599E040 doesn't match image C:\Users\agali1\Documents\HCI510\HCI510_GameMockup\HCI_510_Project\Library\ScriptAssemblies\Unity.Timeline.Editor.dll
Symbol file LoadedFromMemory is not a mono symbol file
Symbol file data-00000154742EB6D0 doesn't match image C:\Users\agali1\Documents\HCI510\HCI510_GameMockup\HCI_510_Project\Library\ScriptAssemblies\Unity.Timeline.dll
Symbol file LoadedFromMemory is not a mono symbol file
Symbol file data-0000015474A05730 doesn't match image C:\Users\agali1\Documents\HCI510\HCI510_GameMockup\HCI_510_Project\Library\ScriptAssemblies\Unity.TextMeshPro.dll
Symbol file LoadedFromMemory is not a mono symbol file
Symbol file data-000001546DAE4030 doesn't match image C:\Users\agali1\Documents\HCI510\HCI510_GameMockup\HCI_510_Project\Library\ScriptAssemblies\Unity.CollabProxy.Editor.dll
Symbol file LoadedFromMemory is not a mono symbol file
Symbol file data-0000015471514020 doesn't match image C:\Users\agali1\Documents\HCI510\HCI510_GameMockup\HCI_510_Project\Library\ScriptAssemblies\UnityEditor.TestRunner.dll
Symbol file LoadedFromMemory is not a mono symbol file
Symbol file data-00000154950E5470 doesn't match image C:\Users\agali1\Documents\HCI510\HCI510_GameMockup\HCI_510_Project\Library\ScriptAssemblies\Unity.Rider.Editor.dll
Symbol file LoadedFromMemory is not a mono symbol file
Native extension for WindowsStandalone target not found
Refreshing native plugins compatible for Editor in 0.53 ms, found 0 plugins.
Preloading 0 native plugins for Editor in 0.00 ms.
Invoked RoslynAnalysisRunner static constructor.
RoslynAnalysisRunner will not be running.
RoslynAnalysisRunner has terminated.
Mono: successfully reloaded assembly
- Completed reload, in  1.382 seconds
Platform modules already initialized, skipping
Refreshing native plugins compatible for Editor in 0.54 ms, found 0 plugins.
Preloading 0 native plugins for Editor in 0.00 ms.
Unloading 1114 Unused Serialized files (Serialized files now loaded: 0)
System memory in use before: 57.7 MB.
System memory in use after: 57.7 MB.

Unloading 6 unused Assets to reduce memory usage. Loaded Objects now: 1586.
Total: 2.418100 ms (FindLiveObjects: 0.201900 ms CreateObjectMapping: 0.066800 ms MarkObjects: 2.053500 ms  DeleteObjects: 0.094000 ms)

========================================================================
Received Prepare
Registering precompiled user dll's ...
Registered in 0.002448 seconds.
Begin MonoManager ReloadAssembly
Symbol file data-00000154744C0230 doesn't match image C:\Users\agali1\Documents\HCI510\HCI510_GameMockup\HCI_510_Project\Library\ScriptAssemblies\Unity.VSCode.Editor.dll
Symbol file LoadedFromMemory is not a mono symbol file
Symbol file data-000001546D585C60 doesn't match image C:\Users\agali1\Documents\HCI510\HCI510_GameMockup\HCI_510_Project\Library\ScriptAssemblies\Unity.TextMeshPro.Editor.dll
Symbol file LoadedFromMemory is not a mono symbol file
Symbol file data-0000015471AC32E0 doesn't match image C:\Users\agali1\Documents\HCI510\HCI510_GameMockup\HCI_510_Project\Library\ScriptAssemblies\Unity.VisualStudio.Editor.dll
Symbol file LoadedFromMemory is not a mono symbol file
Symbol file data-0000015471EF2050 doesn't match image C:\Users\agali1\Documents\HCI510\HCI510_GameMockup\HCI_510_Project\Library\ScriptAssemblies\UnityEngine.TestRunner.dll
Symbol file LoadedFromMemory is not a mono symbol file
Symbol file data-0000015474A2BC10 doesn't match image C:\Users\agali1\Documents\HCI510\HCI510_GameMockup\HCI_510_Project\Library\ScriptAssemblies\Unity.Timeline.Editor.dll
Symbol file LoadedFromMemory is not a mono symbol file
Symbol file data-000001547404E010 doesn't match image C:\Users\agali1\Documents\HCI510\HCI510_GameMockup\HCI_510_Project\Library\ScriptAssemblies\Unity.Timeline.dll
Symbol file LoadedFromMemory is not a mono symbol file
Symbol file data-0000015473549020 doesn't match image C:\Users\agali1\Documents\HCI510\HCI510_GameMockup\HCI_510_Project\Library\ScriptAssemblies\Unity.TextMeshPro.dll
Symbol file LoadedFromMemory is not a mono symbol file
Symbol file data-0000015495980020 doesn't match image C:\Users\agali1\Documents\HCI510\HCI510_GameMockup\HCI_510_Project\Library\ScriptAssemblies\Unity.CollabProxy.Editor.dll
Symbol file LoadedFromMemory is not a mono symbol file
Symbol file data-0000015472840080 doesn't match image C:\Users\agali1\Documents\HCI510\HCI510_GameMockup\HCI_510_Project\Library\ScriptAssemblies\UnityEditor.TestRunner.dll
Symbol file LoadedFromMemory is not a mono symbol file
Symbol file data-00000154748DD010 doesn't match image C:\Users\agali1\Documents\HCI510\HCI510_GameMockup\HCI_510_Project\Library\ScriptAssemblies\Unity.Rider.Editor.dll
Symbol file LoadedFromMemory is not a mono symbol file
Native extension for WindowsStandalone target not found
Refreshing native plugins compatible for Editor in 0.62 ms, found 0 plugins.
Preloading 0 native plugins for Editor in 0.00 ms.
Invoked RoslynAnalysisRunner static constructor.
RoslynAnalysisRunner will not be running.
RoslynAnalysisRunner has terminated.
Mono: successfully reloaded assembly
- Completed reload, in  1.340 seconds
Platform modules already initialized, skipping
Refreshing native plugins compatible for Editor in 0.53 ms, found 0 plugins.
Preloading 0 native plugins for Editor in 0.00 ms.
Unloading 1114 Unused Serialized files (Serialized files now loaded: 0)
System memory in use before: 57.7 MB.
System memory in use after: 57.7 MB.

Unloading 6 unused Assets to reduce memory usage. Loaded Objects now: 1589.
Total: 2.627500 ms (FindLiveObjects: 0.161600 ms CreateObjectMapping: 0.065600 ms MarkObjects: 2.297400 ms  DeleteObjects: 0.100400 ms)

AssetImportWorkerClient::OnTransportError - code=2 error=End of file
